<?xml version="1.0" encoding="UTF-8"?>
<!-- Generated by org.testng.reporters.JUnitReportReporter -->
<testsuite hostname="UYOYO-OGHEN8571" failures="0" tests="1" name="TestNGTestCases.MonitorTestNG" time="20.371" errors="0" timestamp="2024-01-17T22:37:37 GMT" skipped="0">
  <testcase classname="TestNGTestCases.MonitorTestNG" name="MonitorTest" time="20.371"/>
</testsuite> <!-- TestNGTestCases.MonitorTestNG -->
