<?xml version="1.0" encoding="UTF-8"?>
<!-- Generated by org.testng.reporters.JUnitReportReporter -->
<testsuite hostname="UYOYO-OGHEN8571" failures="0" tests="2" name="RunnerPackage.AmazonCucumberRunner" time="47.144" errors="0" timestamp="2024-01-17T21:54:17 GMT" skipped="0">
  <testcase classname="RunnerPackage.AmazonCucumberRunner" name="runScenario" time="21.134"/>
  <testcase classname="RunnerPackage.AmazonCucumberRunner" name="runScenario" time="26.010"/>
</testsuite> <!-- RunnerPackage.AmazonCucumberRunner -->
