<?xml version="1.0" encoding="UTF-8"?>
<!-- Generated by org.testng.reporters.JUnitReportReporter -->
<testsuite hostname="UYOYO-OGHEN8571" failures="0" tests="2" name="RunnerPackage.AmazonCucumberRunner" time="49.210" errors="0" timestamp="2024-01-18T00:09:34 GMT" skipped="0">
  <testcase classname="RunnerPackage.AmazonCucumberRunner" name="runScenario" time="23.356"/>
  <testcase classname="RunnerPackage.AmazonCucumberRunner" name="runScenario" time="25.854"/>
</testsuite> <!-- RunnerPackage.AmazonCucumberRunner -->
