<?xml version="1.0" encoding="UTF-8"?>
<!-- Generated by org.testng.reporters.JUnitReportReporter -->
<testsuite hostname="UYOYO-OGHEN8571" failures="0" tests="1" name="TestNGTestCases.LaptopTestNG" time="19.251" errors="0" timestamp="2024-01-17T22:38:10 GMT" skipped="0">
  <testcase classname="TestNGTestCases.LaptopTestNG" name="LaptopTest" time="19.251"/>
</testsuite> <!-- TestNGTestCases.LaptopTestNG -->
