<?xml version="1.0" encoding="UTF-8"?>
<!-- Generated by org.testng.reporters.JUnitReportReporter -->
<testsuite hostname="UYOYO-OGHEN8571" failures="0" tests="1" name="TestNGTestCases.MonitorTestNG" time="19.489" errors="0" timestamp="2024-01-17T21:50:31 GMT" skipped="0">
  <testcase classname="TestNGTestCases.MonitorTestNG" name="MonitorTest" time="19.489"/>
</testsuite> <!-- TestNGTestCases.MonitorTestNG -->
