<?xml version="1.0" encoding="UTF-8"?>
<!-- Generated by org.testng.reporters.JUnitReportReporter -->
<testsuite hostname="UYOYO-OGHEN8571" failures="0" tests="2" name="RunnerPackage.AmazonCucumberRunner" time="53.832" errors="0" timestamp="2024-01-17T22:37:03 GMT" skipped="0">
  <testcase classname="RunnerPackage.AmazonCucumberRunner" name="runScenario" time="24.213"/>
  <testcase classname="RunnerPackage.AmazonCucumberRunner" name="runScenario" time="29.619"/>
</testsuite> <!-- RunnerPackage.AmazonCucumberRunner -->
